<?xml version="1.0" encoding="UTF-8"?>
<coverage generated="1600635174">
  <project timestamp="1600635174">
    <package name="seosazi\PathConverter">
      <file name="C:\wamp641\www\path-converter\src\ConvertToAbsolutePath.php">
        <class name="seosazi\PathConverter\ConvertToAbsolutePath" namespace="seosazi\PathConverter">
          <metrics complexity="51" methods="22" coveredmethods="19" conditionals="0" coveredconditionals="0" statements="83" coveredstatements="75" elements="105" coveredelements="94"/>
        </class>
        <line num="69" type="method" name="__construct" visibility="public" complexity="2" crap="2.06" count="45"/>
        <line num="71" type="stmt" count="45"/>
        <line num="72" type="stmt" count="45"/>
        <line num="74" type="stmt" count="0"/>
        <line num="76" type="stmt" count="45"/>
        <line num="81" type="method" name="convert" visibility="public" complexity="9" crap="12.56" count="6"/>
        <line num="84" type="stmt" count="6"/>
        <line num="85" type="stmt" count="1"/>
        <line num="88" type="stmt" count="5"/>
        <line num="89" type="stmt" count="0"/>
        <line num="92" type="stmt" count="5"/>
        <line num="93" type="stmt" count="0"/>
        <line num="98" type="stmt" count="5"/>
        <line num="99" type="stmt" count="0"/>
        <line num="102" type="stmt" count="5"/>
        <line num="103" type="stmt" count="3"/>
        <line num="106" type="stmt" count="2"/>
        <line num="107" type="stmt" count="0"/>
        <line num="110" type="stmt" count="2"/>
        <line num="111" type="stmt" count="0"/>
        <line num="113" type="stmt" count="2"/>
        <line num="114" type="stmt" count="0"/>
        <line num="117" type="stmt" count="2"/>
        <line num="120" type="method" name="onlySitePath" visibility="public" complexity="3" crap="3.04" count="8"/>
        <line num="121" type="stmt" count="8"/>
        <line num="122" type="stmt" count="8"/>
        <line num="123" type="stmt" count="7"/>
        <line num="124" type="stmt" count="1"/>
        <line num="125" type="stmt" count="0"/>
        <line num="127" type="stmt" count="1"/>
        <line num="133" type="method" name="upToLastDir" visibility="public" complexity="2" crap="2" count="14"/>
        <line num="134" type="stmt" count="14"/>
        <line num="135" type="stmt" count="14"/>
        <line num="136" type="stmt" count="14"/>
        <line num="137" type="stmt" count="13"/>
        <line num="139" type="stmt" count="14"/>
        <line num="143" type="method" name="getPagePath" visibility="public" complexity="1" crap="1" count="18"/>
        <line num="145" type="stmt" count="18"/>
        <line num="151" type="method" name="setPagePath" visibility="public" complexity="1" crap="1" count="45"/>
        <line num="153" type="stmt" count="45"/>
        <line num="154" type="stmt" count="45"/>
        <line num="157" type="method" name="getBaseTag" visibility="public" complexity="1" crap="1" count="21"/>
        <line num="159" type="stmt" count="21"/>
        <line num="165" type="method" name="setBaseTag" visibility="public" complexity="1" crap="1" count="9"/>
        <line num="167" type="stmt" count="9"/>
        <line num="168" type="stmt" count="9"/>
        <line num="173" type="method" name="getStarterPath" visibility="public" complexity="4" crap="4" count="13"/>
        <line num="175" type="stmt" count="13"/>
        <line num="176" type="stmt" count="13"/>
        <line num="177" type="stmt" count="10"/>
        <line num="178" type="stmt" count="4"/>
        <line num="179" type="stmt" count="2"/>
        <line num="181" type="stmt" count="2"/>
        <line num="182" type="stmt" count="2"/>
        <line num="185" type="stmt" count="13"/>
        <line num="188" type="method" name="getDomain" visibility="public" complexity="4" crap="4" count="11"/>
        <line num="190" type="stmt" count="11"/>
        <line num="191" type="stmt" count="11"/>
        <line num="192" type="stmt" count="9"/>
        <line num="193" type="stmt" count="3"/>
        <line num="194" type="stmt" count="2"/>
        <line num="196" type="stmt" count="1"/>
        <line num="199" type="stmt" count="11"/>
        <line num="202" type="method" name="getScheme" visibility="public" complexity="4" crap="4" count="11"/>
        <line num="204" type="stmt" count="11"/>
        <line num="205" type="stmt" count="11"/>
        <line num="206" type="stmt" count="9"/>
        <line num="207" type="stmt" count="3"/>
        <line num="208" type="stmt" count="2"/>
        <line num="210" type="stmt" count="1"/>
        <line num="213" type="stmt" count="11"/>
        <line num="216" type="method" name="getBaseTagParsing" visibility="public" complexity="3" crap="3" count="10"/>
        <line num="218" type="stmt" count="10"/>
        <line num="219" type="stmt" count="10"/>
        <line num="220" type="stmt" count="9"/>
        <line num="222" type="stmt" count="1"/>
        <line num="225" type="stmt" count="10"/>
        <line num="228" type="method" name="getPagePathParsing" visibility="public" complexity="2" crap="2" count="16"/>
        <line num="230" type="stmt" count="16"/>
        <line num="231" type="stmt" count="16"/>
        <line num="233" type="stmt" count="16"/>
        <line num="240" type="method" name="isHaveQueryOrFragment" visibility="public" complexity="2" crap="2" count="5"/>
        <line num="242" type="stmt" count="5"/>
        <line num="249" type="method" name="isCorrectUrl" visibility="public" complexity="2" crap="2" count="45"/>
        <line num="251" type="stmt" count="45"/>
        <line num="258" type="method" name="checkPathIsAbsoluteOrForAnotherApp" visibility="public" complexity="4" crap="4" count="5"/>
        <line num="260" type="stmt" count="5"/>
        <line num="261" type="stmt" count="1"/>
        <line num="263" type="stmt" count="4"/>
        <line num="264" type="stmt" count="1"/>
        <line num="266" type="stmt" count="3"/>
        <line num="267" type="stmt" count="1"/>
        <line num="269" type="stmt" count="2"/>
        <line num="276" type="method" name="isPathAbsoluteOrForAnotherApp" visibility="public" complexity="1" crap="1" count="6"/>
        <line num="278" type="stmt" count="6"/>
        <line num="285" type="method" name="isPathJavaScript" visibility="public" complexity="1" crap="1" count="5"/>
        <line num="287" type="stmt" count="5"/>
        <line num="294" type="method" name="isPathWithoutScheme" visibility="public" complexity="1" crap="1" count="5"/>
        <line num="296" type="stmt" count="5"/>
        <line num="303" type="method" name="isPathStartWithSlash" visibility="public" complexity="1" crap="1" count="5"/>
        <line num="305" type="stmt" count="5"/>
        <line num="312" type="method" name="isPathStartWithPointSlash" visibility="public" complexity="1" crap="1" count="6"/>
        <line num="314" type="stmt" count="6"/>
        <line num="321" type="method" name="isPathStartWithTwoPointSlash" visibility="public" complexity="1" crap="1" count="6"/>
        <line num="323" type="stmt" count="6"/>
        <metrics loc="324" ncloc="236" classes="1" methods="22" coveredmethods="19" conditionals="0" coveredconditionals="0" statements="83" coveredstatements="75" elements="105" coveredelements="94"/>
      </file>
      <file name="C:\wamp641\www\path-converter\src\RemovePathWithPointPointSlash.php">
        <class name="seosazi\PathConverter\RemovePathWithPointPointSlash" namespace="seosazi\PathConverter">
          <metrics complexity="13" methods="10" coveredmethods="9" conditionals="0" coveredconditionals="0" statements="25" coveredstatements="23" elements="35" coveredelements="32"/>
        </class>
        <line num="17" type="method" name="__construct" visibility="public" complexity="1" crap="1" count="8"/>
        <line num="19" type="stmt" count="8"/>
        <line num="20" type="stmt" count="8"/>
        <line num="21" type="stmt" count="8"/>
        <line num="22" type="stmt" count="8"/>
        <line num="23" type="stmt" count="8"/>
        <line num="25" type="method" name="compute" visibility="public" complexity="4" crap="4.25" count="4"/>
        <line num="27" type="stmt" count="4"/>
        <line num="28" type="stmt" count="3"/>
        <line num="29" type="stmt" count="3"/>
        <line num="31" type="stmt" count="4"/>
        <line num="32" type="stmt" count="0"/>
        <line num="33" type="stmt" count="4"/>
        <line num="34" type="stmt" count="0"/>
        <line num="36" type="stmt" count="4"/>
        <line num="44" type="method" name="getPath" visibility="public" complexity="1" crap="1" count="5"/>
        <line num="46" type="stmt" count="5"/>
        <line num="52" type="method" name="setPath" visibility="public" complexity="1" crap="1" count="8"/>
        <line num="54" type="stmt" count="8"/>
        <line num="55" type="stmt" count="8"/>
        <line num="60" type="method" name="getStarterPath" visibility="public" complexity="1" crap="1" count="5"/>
        <line num="62" type="stmt" count="5"/>
        <line num="68" type="method" name="setStarterPath" visibility="public" complexity="1" crap="1" count="8"/>
        <line num="70" type="stmt" count="8"/>
        <line num="71" type="stmt" count="8"/>
        <line num="76" type="method" name="getScheme" visibility="public" complexity="1" crap="1" count="5"/>
        <line num="78" type="stmt" count="5"/>
        <line num="84" type="method" name="setScheme" visibility="public" complexity="1" crap="1" count="8"/>
        <line num="86" type="stmt" count="8"/>
        <line num="87" type="stmt" count="8"/>
        <line num="92" type="method" name="getDomain" visibility="public" complexity="1" crap="1" count="1"/>
        <line num="94" type="stmt" count="1"/>
        <line num="100" type="method" name="setDomain" visibility="public" complexity="1" crap="1" count="8"/>
        <line num="102" type="stmt" count="8"/>
        <line num="103" type="stmt" count="8"/>
        <metrics loc="103" ncloc="83" classes="1" methods="10" coveredmethods="9" conditionals="0" coveredconditionals="0" statements="25" coveredstatements="23" elements="35" coveredelements="32"/>
      </file>
    </package>
    <file name="C:\wamp641\www\path-converter\src\ConverterInterface.php">
      <metrics loc="25" ncloc="12" classes="0" methods="0" coveredmethods="0" conditionals="0" coveredconditionals="0" statements="0" coveredstatements="0" elements="0" coveredelements="0"/>
    </file>
    <metrics files="3" loc="452" ncloc="331" classes="2" methods="32" coveredmethods="28" conditionals="0" coveredconditionals="0" statements="108" coveredstatements="98" elements="140" coveredelements="126"/>
  </project>
</coverage>
